<?xml version="1.0" encoding="UTF-8"?>
<!-- Generated by org.testng.reporters.JUnitReportReporter -->
<testsuite hostname="CDWILT004" failures="0" tests="5" name="front_End_Test_Cases.FE_Login_Test_Case_001" time="5.841" errors="0" timestamp="2022-07-26T11:07:28 SGT" skipped="0">
  <testcase classname="front_End_Test_Cases.FE_Login_Test_Case_001" name="Go_To_Site" time="2.019"/>
  <system-out/>
  <testcase classname="front_End_Test_Cases.FE_Login_Test_Case_001" name="Close_Announcement" time="0.142"/>
  <system-out/>
  <testcase classname="front_End_Test_Cases.FE_Login_Test_Case_001" name="Click_Login_Option" time="0.357"/>
  <system-out/>
  <testcase classname="front_End_Test_Cases.FE_Login_Test_Case_001" name="Enter_Data_Into_Login_Fields" time="1.462"/>
  <system-out/>
  <testcase classname="front_End_Test_Cases.FE_Login_Test_Case_001" name="After_Login_Verify_User" time="1.861"/>
  <system-out/>
</testsuite> <!-- front_End_Test_Cases.FE_Login_Test_Case_001 -->
