<?xml version="1.0" encoding="UTF-8"?>
<!-- Generated by org.testng.reporters.JUnitReportReporter -->
<testsuite hostname="CDWILT004" failures="0" tests="1" name="front_End_Test.FE_Go_To_Page" time="3.261" errors="0" timestamp="2022-07-26T15:46:32 SGT" skipped="0">
  <testcase classname="front_End_Test.FE_Go_To_Page" name="openURL" time="3.261"/>
  <system-out/>
</testsuite> <!-- front_End_Test.FE_Go_To_Page -->
