<?xml version="1.0" encoding="UTF-8"?>
<!-- Generated by org.testng.reporters.JUnitReportReporter -->
<testsuite hostname="CDWILT004" failures="0" tests="5" name="back_End_Test_Cases.copy.BO_Login_Test_Case_001" time="8.918" errors="0" timestamp="2022-07-26T10:38:12 SGT" skipped="0">
  <testcase classname="back_End_Test_Cases.copy.BO_Login_Test_Case_001" name="Go_To_Site" time="2.359"/>
  <system-out/>
  <testcase classname="back_End_Test_Cases.copy.BO_Login_Test_Case_001" name="Close_Announcement" time="0.328"/>
  <system-out/>
  <testcase classname="back_End_Test_Cases.copy.BO_Login_Test_Case_001" name="Click_Login_Option" time="0.402"/>
  <system-out/>
  <testcase classname="back_End_Test_Cases.copy.BO_Login_Test_Case_001" name="Enter_Data_Into_Login_Fields" time="2.225"/>
  <system-out/>
  <testcase classname="back_End_Test_Cases.copy.BO_Login_Test_Case_001" name="After_Login_Verify_User" time="3.604"/>
  <system-out/>
</testsuite> <!-- back_End_Test_Cases.copy.BO_Login_Test_Case_001 -->
