<?xml version="1.0" encoding="UTF-8"?>
<!-- Generated by org.testng.reporters.JUnitReportReporter -->
<testsuite hostname="CDWILT004" failures="0" tests="1" name="sample_For_Testing_Reports.FE_Go_To_Page2" time="0.974" errors="0" timestamp="2022-07-26T15:35:22 SGT" skipped="0">
  <testcase classname="sample_For_Testing_Reports.FE_Go_To_Page2" name="openURL" time="0.974"/>
  <system-out/>
</testsuite> <!-- sample_For_Testing_Reports.FE_Go_To_Page2 -->
