<?xml version="1.0" encoding="UTF-8"?>
<!-- Generated by org.testng.reporters.JUnitReportReporter -->
<testsuite hostname="CDWILT004" failures="0" tests="6" name="front_End_Test_Cases.FE_Logout_Test_Case_002" time="6.628" errors="0" timestamp="2022-07-26T11:07:28 SGT" skipped="0">
  <testcase classname="front_End_Test_Cases.FE_Logout_Test_Case_002" name="Go_To_Site" time="1.411"/>
  <system-out/>
  <testcase classname="front_End_Test_Cases.FE_Logout_Test_Case_002" name="Close_Announcement" time="0.123"/>
  <system-out/>
  <testcase classname="front_End_Test_Cases.FE_Logout_Test_Case_002" name="Click_Login_Option" time="0.359"/>
  <system-out/>
  <testcase classname="front_End_Test_Cases.FE_Logout_Test_Case_002" name="Enter_Data_Into_Login_Fields" time="1.452"/>
  <system-out/>
  <testcase classname="front_End_Test_Cases.FE_Logout_Test_Case_002" name="After_Login_Verify_User" time="1.296"/>
  <system-out/>
  <testcase classname="front_End_Test_Cases.FE_Logout_Test_Case_002" name="Logout" time="1.987"/>
  <system-out/>
</testsuite> <!-- front_End_Test_Cases.FE_Logout_Test_Case_002 -->
